This is pdfTeX, Version 3.14159265-2.6-1.40.17 (TeX Live 2016) (preloaded format=pdflatex 2016.5.22)  13 JUN 2023 13:38
entering extended mode
 restricted \write18 enabled.
 file:line:error style messages enabled.
 %&-line parsing enabled.
**enbyexample.tex
(./enbyexample.tex
LaTeX2e <2016/03/31>
Babel <3.9r> and hyphenation patterns for 83 language(s) loaded.
(/usr/local/texlive/2016/texmf-dist/tex/latex/base/article.cls
Document Class: article 2014/09/29 v1.4h Standard LaTeX document class
(/usr/local/texlive/2016/texmf-dist/tex/latex/base/size12.clo
File: size12.clo 2014/09/29 v1.4h Standard LaTeX file (size option)
)
\c@part=\count79
\c@section=\count80
\c@subsection=\count81
\c@subsubsection=\count82
\c@paragraph=\count83
\c@subparagraph=\count84
\c@figure=\count85
\c@table=\count86
\abovecaptionskip=\skip41
\belowcaptionskip=\skip42
\bibindent=\dimen102
)
(/usr/local/texlive/2016/texmf-dist/tex/latex/parskip/parskip.sty
Package: parskip 2001/04/09 non-zero parskip adjustments
) (./daves.sty
Dave's standard definitions: Last modified Friday, July 7, 1995.
.....dbt changed footnote indentation
.....dbt changed labels to arabic
.....dbt included milestone charts
\mile@i=\count87
\mile@j=\count88
\mile@startmonth=\count89
\mile@endmonth=\count90
\mile@major=\count91
\mile@month=\dimen103
\mile@width=\dimen104
\mile@shift=\dimen105
\mile@trheight=\dimen106
\mile@trdepth=\dimen107
) (/usr/local/texlive/2016/texmf-dist/tex/latex/fancyhdr/fancyhdr.sty
\fancy@headwidth=\skip43
\f@ncyO@elh=\skip44
\f@ncyO@erh=\skip45
\f@ncyO@olh=\skip46
\f@ncyO@orh=\skip47
\f@ncyO@elf=\skip48
\f@ncyO@erf=\skip49
\f@ncyO@olf=\skip50
\f@ncyO@orf=\skip51
)
(/usr/local/texlive/2016/texmf-dist/tex/latex/natbib/natbib.sty
Package: natbib 2010/09/13 8.31b (PWD, AO)
\bibhang=\skip52
\bibsep=\skip53
LaTeX Info: Redefining \cite on input line 694.
\c@NAT@ctr=\count92
)
(/usr/local/texlive/2016/texmf-dist/tex/latex/graphics/graphicx.sty
Package: graphicx 2014/10/28 v1.0g Enhanced LaTeX Graphics (DPC,SPQR)

(/usr/local/texlive/2016/texmf-dist/tex/latex/graphics/keyval.sty
Package: keyval 2014/10/28 v1.15 key=value parser (DPC)
\KV@toks@=\toks14
)
(/usr/local/texlive/2016/texmf-dist/tex/latex/graphics/graphics.sty
Package: graphics 2016/05/09 v1.0r Standard LaTeX Graphics (DPC,SPQR)

(/usr/local/texlive/2016/texmf-dist/tex/latex/graphics/trig.sty
Package: trig 2016/01/03 v1.10 sin cos tan (DPC)
)
(/usr/local/texlive/2016/texmf-dist/tex/latex/graphics-cfg/graphics.cfg
File: graphics.cfg 2016/01/02 v1.10 sample graphics configuration
)
Package graphics Info: Driver file: pdftex.def on input line 96.

(/usr/local/texlive/2016/texmf-dist/tex/latex/pdftex-def/pdftex.def
File: pdftex.def 2011/05/27 v0.06d Graphics/color for pdfTeX

(/usr/local/texlive/2016/texmf-dist/tex/generic/oberdiek/infwarerr.sty
Package: infwarerr 2016/05/16 v1.4 Providing info/warning/error messages (HO)
)
(/usr/local/texlive/2016/texmf-dist/tex/generic/oberdiek/ltxcmds.sty
Package: ltxcmds 2016/05/16 v1.23 LaTeX kernel commands for general use (HO)
)
\Gread@gobject=\count93
))
\Gin@req@height=\dimen108
\Gin@req@width=\dimen109
)
(/usr/local/texlive/2016/texmf-dist/tex/latex/tools/dcolumn.sty
Package: dcolumn 2014/10/28 v1.06 decimal alignment package (DPC)

(/usr/local/texlive/2016/texmf-dist/tex/latex/tools/array.sty
Package: array 2014/10/28 v2.4c Tabular extension package (FMi)
\col@sep=\dimen110
\extrarowheight=\dimen111
\NC@list=\toks15
\extratabsurround=\skip54
\backup@length=\skip55
))
(/usr/local/texlive/2016/texmf-dist/tex/latex/amsmath/amsmath.sty
Package: amsmath 2016/03/10 v2.15b AMS math features
\@mathmargin=\skip56

For additional information on amsmath, use the `?' option.
(/usr/local/texlive/2016/texmf-dist/tex/latex/amsmath/amstext.sty
Package: amstext 2000/06/29 v2.01 AMS text

(/usr/local/texlive/2016/texmf-dist/tex/latex/amsmath/amsgen.sty
File: amsgen.sty 1999/11/30 v2.0 generic functions
\@emptytoks=\toks16
\ex@=\dimen112
))
(/usr/local/texlive/2016/texmf-dist/tex/latex/amsmath/amsbsy.sty
Package: amsbsy 1999/11/29 v1.2d Bold Symbols
\pmbraise@=\dimen113
)
(/usr/local/texlive/2016/texmf-dist/tex/latex/amsmath/amsopn.sty
Package: amsopn 2016/03/08 v2.02 operator names
)
\inf@bad=\count94
LaTeX Info: Redefining \frac on input line 199.
\uproot@=\count95
\leftroot@=\count96
LaTeX Info: Redefining \overline on input line 297.
\classnum@=\count97
\DOTSCASE@=\count98
LaTeX Info: Redefining \ldots on input line 394.
LaTeX Info: Redefining \dots on input line 397.
LaTeX Info: Redefining \cdots on input line 518.
\Mathstrutbox@=\box26
\strutbox@=\box27
\big@size=\dimen114
LaTeX Font Info:    Redeclaring font encoding OML on input line 634.
LaTeX Font Info:    Redeclaring font encoding OMS on input line 635.
\macc@depth=\count99
\c@MaxMatrixCols=\count100
\dotsspace@=\muskip10
\c@parentequation=\count101
\dspbrk@lvl=\count102
\tag@help=\toks17
\row@=\count103
\column@=\count104
\maxfields@=\count105
\andhelp@=\toks18
\eqnshift@=\dimen115
\alignsep@=\dimen116
\tagshift@=\dimen117
\tagwidth@=\dimen118
\totwidth@=\dimen119
\lineht@=\dimen120
\@envbody=\toks19
\multlinegap=\skip57
\multlinetaggap=\skip58
\mathdisplay@stack=\toks20
LaTeX Info: Redefining \[ on input line 2739.
LaTeX Info: Redefining \] on input line 2740.
)
(/usr/local/texlive/2016/texmf-dist/tex/latex/lastpage/lastpage.sty
Package: lastpage 2015/03/29 v1.2m Refers to last page's name (HMM; JPG)
)
(/usr/local/texlive/2016/texmf-dist/tex/latex/url/url.sty
\Urlmuskip=\muskip11
Package: url 2013/09/16  ver 3.4  Verb mode for urls, etc.
)
(/usr/local/texlive/2016/texmf-dist/tex/latex/tools/multicol.sty
Package: multicol 2016/04/07 v1.8p multicolumn formatting (FMi)
\c@tracingmulticols=\count106
\mult@box=\box28
\multicol@leftmargin=\dimen121
\c@unbalance=\count107
\c@collectmore=\count108
\doublecol@number=\count109
\multicoltolerance=\count110
\multicolpretolerance=\count111
\full@width=\dimen122
\page@free=\dimen123
\premulticols=\dimen124
\postmulticols=\dimen125
\multicolsep=\skip59
\multicolbaselineskip=\skip60
\partial@page=\box29
\last@line=\box30
\maxbalancingoverflow=\dimen126
\mult@rightbox=\box31
\mult@grightbox=\box32
\mult@gfirstbox=\box33
\mult@firstbox=\box34
\@tempa=\box35
\@tempa=\box36
\@tempa=\box37
\@tempa=\box38
\@tempa=\box39
\@tempa=\box40
\@tempa=\box41
\@tempa=\box42
\@tempa=\box43
\@tempa=\box44
\@tempa=\box45
\@tempa=\box46
\@tempa=\box47
\@tempa=\box48
\@tempa=\box49
\@tempa=\box50
\@tempa=\box51
\c@columnbadness=\count112
\c@finalcolumnbadness=\count113
\last@try=\dimen127
\multicolovershoot=\dimen128
\multicolundershoot=\dimen129
\mult@nat@firstbox=\box52
\colbreak@box=\box53
\mc@col@check@num=\count114
)
(/usr/local/texlive/2016/texmf-dist/tex/latex/amsfonts/amssymb.sty
Package: amssymb 2013/01/14 v3.01 AMS font symbols

(/usr/local/texlive/2016/texmf-dist/tex/latex/amsfonts/amsfonts.sty
Package: amsfonts 2013/01/14 v3.01 Basic AMSFonts support
\symAMSa=\mathgroup4
\symAMSb=\mathgroup5
LaTeX Font Info:    Overwriting math alphabet `\mathfrak' in version `bold'
(Font)                  U/euf/m/n --> U/euf/b/n on input line 106.
))
(/usr/local/texlive/2016/texmf-dist/tex/latex/oberdiek/epstopdf.sty
Package: epstopdf 2016/05/15 v2.6 Conversion with epstopdf on the fly (HO)

(/usr/local/texlive/2016/texmf-dist/tex/latex/oberdiek/epstopdf-base.sty
Package: epstopdf-base 2016/05/15 v2.6 Base part for package epstopdf

(/usr/local/texlive/2016/texmf-dist/tex/latex/oberdiek/grfext.sty
Package: grfext 2016/05/16 v1.2 Manage graphics extensions (HO)

(/usr/local/texlive/2016/texmf-dist/tex/generic/oberdiek/kvdefinekeys.sty
Package: kvdefinekeys 2016/05/16 v1.4 Define keys (HO)
))
(/usr/local/texlive/2016/texmf-dist/tex/latex/oberdiek/kvoptions.sty
Package: kvoptions 2016/05/16 v3.12 Key value format for package options (HO)

(/usr/local/texlive/2016/texmf-dist/tex/generic/oberdiek/kvsetkeys.sty
Package: kvsetkeys 2016/05/16 v1.17 Key value parser (HO)

(/usr/local/texlive/2016/texmf-dist/tex/generic/oberdiek/etexcmds.sty
Package: etexcmds 2016/05/16 v1.6 Avoid name clashes with e-TeX commands (HO)

(/usr/local/texlive/2016/texmf-dist/tex/generic/oberdiek/ifluatex.sty
Package: ifluatex 2016/05/16 v1.4 Provides the ifluatex switch (HO)
Package ifluatex Info: LuaTeX not detected.
)
Package etexcmds Info: Could not find \expanded.
(etexcmds)             That can mean that you are not using pdfTeX 1.50 or
(etexcmds)             that some package has redefined \expanded.
(etexcmds)             In the latter case, load this package earlier.
)))
(/usr/local/texlive/2016/texmf-dist/tex/generic/oberdiek/pdftexcmds.sty
Package: pdftexcmds 2016/05/10 v0.21 Utility functions of pdfTeX for LuaTeX (HO
)

(/usr/local/texlive/2016/texmf-dist/tex/generic/oberdiek/ifpdf.sty
Package: ifpdf 2016/05/14 v3.1 Provides the ifpdf switch
)
Package pdftexcmds Info: LuaTeX not detected.
Package pdftexcmds Info: \pdf@primitive is available.
Package pdftexcmds Info: \pdf@ifprimitive is available.
Package pdftexcmds Info: \pdfdraftmode found.
)
Package grfext Info: Graphics extension search list:
(grfext)             [.png,.pdf,.jpg,.mps,.jpeg,.jbig2,.jb2,.PNG,.PDF,.JPG,.JPE
G,.JBIG2,.JB2,.eps]
(grfext)             \AppendGraphicsExtensions on input line 456.

(/usr/local/texlive/2016/texmf-dist/tex/latex/latexconfig/epstopdf-sys.cfg
File: epstopdf-sys.cfg 2010/07/13 v1.3 Configuration of (r)epstopdf for TeX Liv
e
)))
(/usr/local/texlive/2016/texmf-dist/tex/latex/tools/longtable.sty
Package: longtable 2014/10/28 v4.11 Multi-page Table package (DPC)
\LTleft=\skip61
\LTright=\skip62
\LTpre=\skip63
\LTpost=\skip64
\LTchunksize=\count115
\LTcapwidth=\dimen130
\LT@head=\box54
\LT@firsthead=\box55
\LT@foot=\box56
\LT@lastfoot=\box57
\LT@cols=\count116
\LT@rows=\count117
\c@LT@tables=\count118
\c@LT@chunks=\count119
\LT@p@ftn=\toks21
)
(/usr/local/texlive/2016/texmf-dist/tex/latex/pdfpages/pdfpages.sty
Package: pdfpages 2016/04/19 v0.5f Insert pages of external PDF documents (AM)

(/usr/local/texlive/2016/texmf-dist/tex/latex/base/ifthen.sty
Package: ifthen 2014/09/29 v1.1c Standard LaTeX ifthen package (DPC)
)
(/usr/local/texlive/2016/texmf-dist/tex/latex/tools/calc.sty
Package: calc 2014/10/28 v4.3 Infix arithmetic (KKT,FJ)
\calc@Acount=\count120
\calc@Bcount=\count121
\calc@Adimen=\dimen131
\calc@Bdimen=\dimen132
\calc@Askip=\skip65
\calc@Bskip=\skip66
LaTeX Info: Redefining \setlength on input line 80.
LaTeX Info: Redefining \addtolength on input line 81.
\calc@Ccount=\count122
\calc@Cskip=\skip67
)
(/usr/local/texlive/2016/texmf-dist/tex/latex/eso-pic/eso-pic.sty
Package: eso-pic 2015/07/21 v2.0g eso-pic (RN)

(/usr/local/texlive/2016/texmf-dist/tex/generic/oberdiek/atbegshi.sty
Package: atbegshi 2016/05/16 v1.17 At begin shipout hook (HO)
)
(/usr/local/texlive/2016/texmf-dist/tex/latex/xcolor/xcolor.sty
Package: xcolor 2016/05/11 v2.12 LaTeX color extensions (UK)

(/usr/local/texlive/2016/texmf-dist/tex/latex/graphics-cfg/color.cfg
File: color.cfg 2016/01/02 v1.6 sample color configuration
)
Package xcolor Info: Driver file: pdftex.def on input line 225.
Package xcolor Info: Model `cmy' substituted by `cmy0' on input line 1348.
Package xcolor Info: Model `hsb' substituted by `rgb' on input line 1352.
Package xcolor Info: Model `RGB' extended on input line 1364.
Package xcolor Info: Model `HTML' substituted by `rgb' on input line 1366.
Package xcolor Info: Model `Hsb' substituted by `hsb' on input line 1367.
Package xcolor Info: Model `tHsb' substituted by `hsb' on input line 1368.
Package xcolor Info: Model `HSB' substituted by `hsb' on input line 1369.
Package xcolor Info: Model `Gray' substituted by `gray' on input line 1370.
Package xcolor Info: Model `wave' substituted by `hsb' on input line 1371.
))
\AM@pagewidth=\dimen133
\AM@pageheight=\dimen134

(/usr/local/texlive/2016/texmf-dist/tex/latex/pdfpages/pppdftex.def
File: pppdftex.def 2016/04/19 v0.5f Pdfpages driver for pdfTeX (AM)
)
\AM@pagebox=\box58
\AM@global@opts=\toks22
\AM@toc@title=\toks23
\c@AM@survey=\count123
\AM@templatesizebox=\box59
)
(/usr/local/texlive/2016/texmf-dist/tex/latex/booktabs/booktabs.sty
Package: booktabs 2016/04/27 v1.618033 publication quality tables
\heavyrulewidth=\dimen135
\lightrulewidth=\dimen136
\cmidrulewidth=\dimen137
\belowrulesep=\dimen138
\belowbottomsep=\dimen139
\aboverulesep=\dimen140
\abovetopsep=\dimen141
\cmidrulesep=\dimen142
\cmidrulekern=\dimen143
\defaultaddspace=\dimen144
\@cmidla=\count124
\@cmidlb=\count125
\@aboverulesep=\dimen145
\@belowrulesep=\dimen146
\@thisruleclass=\count126
\@lastruleclass=\count127
\@thisrulewidth=\dimen147
)
(/usr/local/texlive/2016/texmf-dist/tex/latex/geometry/geometry.sty
Package: geometry 2010/09/12 v5.6 Page Geometry

(/usr/local/texlive/2016/texmf-dist/tex/generic/oberdiek/ifvtex.sty
Package: ifvtex 2016/05/16 v1.6 Detect VTeX and its facilities (HO)
Package ifvtex Info: VTeX not detected.
)
(/usr/local/texlive/2016/texmf-dist/tex/generic/ifxetex/ifxetex.sty
Package: ifxetex 2010/09/12 v0.6 Provides ifxetex conditional
)
\Gm@cnth=\count128
\Gm@cntv=\count129
\c@Gm@tempcnt=\count130
\Gm@bindingoffset=\dimen148
\Gm@wd@mp=\dimen149
\Gm@odd@mp=\dimen150
\Gm@even@mp=\dimen151
\Gm@layoutwidth=\dimen152
\Gm@layoutheight=\dimen153
\Gm@layouthoffset=\dimen154
\Gm@layoutvoffset=\dimen155
\Gm@dimlist=\toks24
)
(/usr/local/texlive/2016/texmf-dist/tex/latex/ms/ragged2e.sty
Package: ragged2e 2009/05/21 v2.1 ragged2e Package (MS)

(/usr/local/texlive/2016/texmf-dist/tex/latex/ms/everysel.sty
Package: everysel 2011/10/28 v1.2 EverySelectfont Package (MS)
)
\CenteringLeftskip=\skip68
\RaggedLeftLeftskip=\skip69
\RaggedRightLeftskip=\skip70
\CenteringRightskip=\skip71
\RaggedLeftRightskip=\skip72
\RaggedRightRightskip=\skip73
\CenteringParfillskip=\skip74
\RaggedLeftParfillskip=\skip75
\RaggedRightParfillskip=\skip76
\JustifyingParfillskip=\skip77
\CenteringParindent=\skip78
\RaggedLeftParindent=\skip79
\RaggedRightParindent=\skip80
\JustifyingParindent=\skip81
)
(/usr/local/texlive/2016/texmf-dist/tex/latex/listings/listings.sty
\lst@mode=\count131
\lst@gtempboxa=\box60
\lst@token=\toks25
\lst@length=\count132
\lst@currlwidth=\dimen156
\lst@column=\count133
\lst@pos=\count134
\lst@lostspace=\dimen157
\lst@width=\dimen158
\lst@newlines=\count135
\lst@lineno=\count136
\lst@maxwidth=\dimen159

(/usr/local/texlive/2016/texmf-dist/tex/latex/listings/lstmisc.sty
File: lstmisc.sty 2015/06/04 1.6 (Carsten Heinz)
\c@lstnumber=\count137
\lst@skipnumbers=\count138
\lst@framebox=\box61
)
(/usr/local/texlive/2016/texmf-dist/tex/latex/listings/listings.cfg
File: listings.cfg 2015/06/04 1.6 listings configuration
))
Package: listings 2015/06/04 1.6 (Carsten Heinz)

(/usr/local/texlive/2016/texmf-dist/tex/latex/caption/caption.sty
Package: caption 2016/02/21 v3.3-144 Customizing captions (AR)

(/usr/local/texlive/2016/texmf-dist/tex/latex/caption/caption3.sty
Package: caption3 2016/02/04 v1.7-139 caption3 kernel (AR)
Package caption3 Info: TeX engine: e-TeX on input line 67.
\captionmargin=\dimen160
\captionmargin@=\dimen161
\captionwidth=\dimen162
\caption@tempdima=\dimen163
\caption@indent=\dimen164
\caption@parindent=\dimen165
\caption@hangindent=\dimen166
)
\c@ContinuedFloat=\count139
Package caption Info: listings package is loaded.
Package caption Info: longtable package is loaded.

(/usr/local/texlive/2016/texmf-dist/tex/latex/caption/ltcaption.sty
Package: ltcaption 2013/06/09 v1.4-94 longtable captions (AR)
))
No file enbyexample.aux.
\openout1 = `enbyexample.aux'.

LaTeX Font Info:    Checking defaults for OML/cmm/m/it on input line 66.
LaTeX Font Info:    ... okay on input line 66.
LaTeX Font Info:    Checking defaults for T1/cmr/m/n on input line 66.
LaTeX Font Info:    ... okay on input line 66.
LaTeX Font Info:    Checking defaults for OT1/cmr/m/n on input line 66.
LaTeX Font Info:    ... okay on input line 66.
LaTeX Font Info:    Checking defaults for OMS/cmsy/m/n on input line 66.
LaTeX Font Info:    ... okay on input line 66.
LaTeX Font Info:    Checking defaults for OMX/cmex/m/n on input line 66.
LaTeX Font Info:    ... okay on input line 66.
LaTeX Font Info:    Checking defaults for U/cmr/m/n on input line 66.
LaTeX Font Info:    ... okay on input line 66.
(/usr/local/texlive/2016/texmf-dist/tex/context/base/mkii/supp-pdf.mkii
[Loading MPS to PDF converter (version 2006.09.02).]
\scratchcounter=\count140
\scratchdimen=\dimen167
\scratchbox=\box62
\nofMPsegments=\count141
\nofMParguments=\count142
\everyMPshowfont=\toks26
\MPscratchCnt=\count143
\MPscratchDim=\dimen168
\MPnumerator=\count144
\makeMPintoPDFobject=\count145
\everyMPtoPDFconversion=\toks27
)
Package lastpage Info: Please have a look at the pageslts package at
(lastpage)             https://www.ctan.org/pkg/pageslts
(lastpage)             ! on input line 66.
\AtBeginShipoutBox=\box63
 (/usr/local/texlive/2016/texmf-dist/tex/latex/oberdiek/pdflscape.sty
Package: pdflscape 2016/05/14 v0.11 Display of landscape pages in PDF (HO)

(/usr/local/texlive/2016/texmf-dist/tex/latex/graphics/lscape.sty
Package: lscape 2000/10/22 v3.01 Landscape Pages (DPC)
)
Package pdflscape Info: Auto-detected driver: pdftex on input line 81.
)
*geometry* driver: auto-detecting
*geometry* detected driver: pdftex
*geometry* verbose mode - [ preamble ] result:
* driver: pdftex
* paper: letterpaper
* layout: <same size as paper>
* layoutoffset:(h,v)=(0.0pt,0.0pt)
* modes: 
* h-part:(L,W,R)=(90.3375pt, 433.62001pt, 90.3375pt)
* v-part:(T,H,B)=(72.26999pt, 650.43001pt, 72.26999pt)
* \paperwidth=614.295pt
* \paperheight=794.96999pt
* \textwidth=433.62001pt
* \textheight=650.43001pt
* \oddsidemargin=18.0675pt
* \evensidemargin=18.0675pt
* \topmargin=-37.0pt
* \headheight=12.0pt
* \headsep=25.0pt
* \topskip=12.0pt
* \footskip=30.0pt
* \marginparwidth=44.0pt
* \marginparsep=10.0pt
* \columnsep=10.0pt
* \skip\footins=10.8pt plus 4.0pt minus 2.0pt
* \hoffset=0.0pt
* \voffset=0.0pt
* \mag=1000
* \@twocolumnfalse
* \@twosidefalse
* \@mparswitchfalse
* \@reversemarginfalse
* (1in=72.27pt=25.4mm, 1cm=28.453pt)

ABD: EverySelectfont initializing macros
LaTeX Info: Redefining \selectfont on input line 66.
\c@lstlisting=\count146
Package caption Info: Begin \AtBeginDocument code.
Package caption Info: End \AtBeginDocument code.

<Cover3.jpg, id=1, 722.7pt x 540.94095pt>
File: Cover3.jpg Graphic file (type jpg)
 <use Cover3.jpg>
Package pdftex.def Info: Cover3.jpg used on input line 86.
(pdftex.def)             Requested size: 433.62pt x 324.56706pt.
LaTeX Font Info:    Try loading font information for U+msa on input line 95.

(/usr/local/texlive/2016/texmf-dist/tex/latex/amsfonts/umsa.fd
File: umsa.fd 2013/01/14 v3.01 AMS symbols A
)
LaTeX Font Info:    Try loading font information for U+msb on input line 95.

(/usr/local/texlive/2016/texmf-dist/tex/latex/amsfonts/umsb.fd
File: umsb.fd 2013/01/14 v3.01 AMS symbols B
)

Package Fancyhdr Warning: \headheight is too small (12.0pt): 
 Make it at least 14.49998pt.
 We now make it that large for the rest of the document.
 This may cause the page layout to be inconsistent, however.


LaTeX Warning: Reference `LastPage' on page 1 undefined on input line 96.

[1{/usr/local/texlive/2016/texmf-var/fonts/map/pdftex/updmap/pdftex.map}

 <./Cover3.jpg>]
No file enbyexample.toc.
\tf@toc=\write3
\openout3 = `enbyexample.toc'.


Package Fancyhdr Warning: \headheight is too small (12.0pt): 
 Make it at least 14.49998pt.
 We now make it that large for the rest of the document.
 This may cause the page layout to be inconsistent, however.


LaTeX Warning: Reference `LastPage' on page 2 undefined on input line 104.

[2]
\openout2 = `EPANETbyExample.aux'.

 (./EPANETbyExample.tex
Underfull \hbox (badness 10000) in paragraph at lines 16--16
\OT1/cmtt/m/n/10 http : / / cleveland3 . ddns . net / university-[]courses / ce
-[]3372 / 3-[]Readings /
 []


Package Fancyhdr Warning: \headheight is too small (12.0pt): 
 Make it at least 14.49998pt.
 We now make it that large for the rest of the document.
 This may cause the page layout to be inconsistent, however.


LaTeX Warning: Reference `LastPage' on page 3 undefined on input line 30.

[3

] <epanet-start.pdf, id=20, 1029.8475pt x 716.6775pt>
File: epanet-start.pdf Graphic file (type pdf)
 <use epanet-start.pdf>
Package pdftex.def Info: epanet-start.pdf used on input line 45.
(pdftex.def)             Requested size: 289.07999pt x 201.17137pt.


Package caption Warning: `ragged2e' support has been changed.
(caption)                Rerun to get captions right on input line 46.
See the caption package documentation for explanation.


Package Fancyhdr Warning: \headheight is too small (12.0pt): 
 Make it at least 14.49998pt.
 We now make it that large for the rest of the document.
 This may cause the page layout to be inconsistent, however.


LaTeX Warning: Reference `LastPage' on page 4 undefined on input line 50.

[4 <./epanet-start.pdf>]

LaTeX Warning: Reference `fig:epanet-start' on page 5 undefined on input line 5
1.


LaTeX Warning: Reference `fig:epanet-start' on page 5 undefined on input line 5
3.

<set-default.pdf, id=33, 1033.8625pt x 715.67375pt>
File: set-default.pdf Graphic file (type pdf)
 <use set-default.pdf>
Package pdftex.def Info: set-default.pdf used on input line 56.
(pdftex.def)             Requested size: 289.07999pt x 200.10335pt.


LaTeX Warning: Reference `fig:place-nodes' on page 5 undefined on input line 60
.

<place-nodes.pdf, id=34, 1033.8625pt x 716.6775pt>
File: place-nodes.pdf Graphic file (type pdf)
 <use place-nodes.pdf>
Package pdftex.def Info: place-nodes.pdf used on input line 63.
(pdftex.def)             Requested size: 289.07999pt x 200.384pt.

<add-link.pdf, id=35, 953.5625pt x 710.655pt>
File: add-link.pdf Graphic file (type pdf)
 <use add-link.pdf>
Package pdftex.def Info: add-link.pdf used on input line 71.
(pdftex.def)             Requested size: 361.34999pt x 269.30348pt.


LaTeX Warning: Reference `fig:add-link' on page 5 undefined on input line 76.


Package Fancyhdr Warning: \headheight is too small (12.0pt): 
 Make it at least 14.49998pt.
 We now make it that large for the rest of the document.
 This may cause the page layout to be inconsistent, however.


LaTeX Warning: Reference `LastPage' on page 5 undefined on input line 78.

[5 <./set-default.pdf>]

Package Fancyhdr Warning: \headheight is too small (12.0pt): 
 Make it at least 14.49998pt.
 We now make it that large for the rest of the document.
 This may cause the page layout to be inconsistent, however.


LaTeX Warning: Reference `LastPage' on page 6 undefined on input line 78.

[6 <./place-nodes.pdf> <./add-link.pdf>]

LaTeX Warning: Reference `fig:link-properties' on page 7 undefined on input lin
e 79.

<link-properties.pdf, id=63, 922.44624pt x 707.64375pt>
File: link-properties.pdf Graphic file (type pdf)

<use link-properties.pdf>
Package pdftex.def Info: link-properties.pdf used on input line 82.
(pdftex.def)             Requested size: 289.07999pt x 221.76439pt.


LaTeX Warning: Reference `fig:set-head' on page 7 undefined on input line 86.

<set-head.pdf, id=64, 911.405pt x 683.55376pt>
File: set-head.pdf Graphic file (type pdf)
 <use set-head.pdf>
Package pdftex.def Info: set-head.pdf used on input line 89.
(pdftex.def)             Requested size: 289.07999pt x 216.81209pt.


Package Fancyhdr Warning: \headheight is too small (12.0pt): 
 Make it at least 14.49998pt.
 We now make it that large for the rest of the document.
 This may cause the page layout to be inconsistent, however.


LaTeX Warning: Reference `LastPage' on page 7 undefined on input line 93.

[7 <./link-properties.pdf> <./set-head.pdf>]

LaTeX Warning: Reference `fig:set-demand' on page 8 undefined on input line 94.


<set-demand.pdf, id=81, 946.53625pt x 710.655pt>
File: set-demand.pdf Graphic file (type pdf)
 <use set-demand.pdf>
Package pdftex.def Info: set-demand.pdf used on input line 97.
(pdftex.def)             Requested size: 289.07999pt x 217.0368pt.

<run-program.pdf, id=82, 962.59625pt x 712.6625pt>
File: run-program.pdf Graphic file (type pdf)
 <use run-program.pdf>
Package pdftex.def Info: run-program.pdf used on input line 105.
(pdftex.def)             Requested size: 252.94499pt x 187.26701pt.


LaTeX Warning: Reference `fig:run-program' on page 8 undefined on input line 11
0.


Package Fancyhdr Warning: \headheight is too small (12.0pt): 
 Make it at least 14.49998pt.
 We now make it that large for the rest of the document.
 This may cause the page layout to be inconsistent, however.


LaTeX Warning: Reference `LastPage' on page 8 undefined on input line 112.

[8

 <./set-demand.pdf> <./run-program.pdf>]
<interpret-solution.pdf, id=98, 1030.85126pt x 720.6925pt>
File: interpret-solution.pdf Graphic file (type pdf)

<use interpret-solution.pdf>
Package pdftex.def Info: interpret-solution.pdf used on input line 116.
(pdftex.def)             Requested size: 289.07999pt x 202.10043pt.


LaTeX Warning: Reference `fig:interpret-solution' on page 9 undefined on input 
line 121.


Package Fancyhdr Warning: \headheight is too small (12.0pt): 
 Make it at least 14.49998pt.
 We now make it that large for the rest of the document.
 This may cause the page layout to be inconsistent, however.


LaTeX Warning: Reference `LastPage' on page 9 undefined on input line 124.

[9 <./interpret-solution.pdf>]

LaTeX Warning: Reference `fig:new-solution' on page 10 undefined on input line 
153.

<new-solution.pdf, id=108, 1026.83624pt x 710.655pt>
File: new-solution.pdf Graphic file (type pdf)
 <use new-solution.pdf>
Package pdftex.def Info: new-solution.pdf used on input line 157.
(pdftex.def)             Requested size: 433.62pt x 300.09961pt.


Package Fancyhdr Warning: \headheight is too small (12.0pt): 
 Make it at least 14.49998pt.
 We now make it that large for the rest of the document.
 This may cause the page layout to be inconsistent, however.


LaTeX Warning: Reference `LastPage' on page 10 undefined on input line 163.

[10

]

Package Fancyhdr Warning: \headheight is too small (12.0pt): 
 Make it at least 14.49998pt.
 We now make it that large for the rest of the document.
 This may cause the page layout to be inconsistent, however.


LaTeX Warning: Reference `LastPage' on page 11 undefined on input line 163.

[11 <./new-solution.pdf>]

LaTeX Warning: Reference `fig:p230' on page 12 undefined on input line 168.

<p230.pdf, id=121, 615.29875pt x 413.545pt>
File: p230.pdf Graphic file (type pdf)
 <use p230.pdf>
Package pdftex.def Info: p230.pdf used on input line 173.
(pdftex.def)             Requested size: 361.34999pt x 242.86621pt.


Package Fancyhdr Warning: \headheight is too small (12.0pt): 
 Make it at least 14.49998pt.
 We now make it that large for the rest of the document.
 This may cause the page layout to be inconsistent, however.


LaTeX Warning: Reference `LastPage' on page 12 undefined on input line 188.

[12

 <./p230.pdf>]

LaTeX Warning: Reference `fig:3reservoir-epanet' on page 13 undefined on input 
line 196.

<3reservoir-epanet.pdf, id=131, 1033.8625pt x 718.685pt>
File: 3reservoir-epanet.pdf Graphic file (type pdf)

<use 3reservoir-epanet.pdf>
Package pdftex.def Info: 3reservoir-epanet.pdf used on input line 200.
(pdftex.def)             Requested size: 433.62pt x 301.42892pt.


Package Fancyhdr Warning: \headheight is too small (12.0pt): 
 Make it at least 14.49998pt.
 We now make it that large for the rest of the document.
 This may cause the page layout to be inconsistent, however.


LaTeX Warning: Reference `LastPage' on page 13 undefined on input line 204.

[13 <./3reservoir-epanet.pdf>]

LaTeX Warning: Reference `fig:p231' on page 14 undefined on input line 210.

<p231.pdf, id=142, 540.0175pt x 478.78876pt>
File: p231.pdf Graphic file (type pdf)
 <use p231.pdf>
Package pdftex.def Info: p231.pdf used on input line 214.
(pdftex.def)             Requested size: 361.34999pt x 320.38498pt.


Package Fancyhdr Warning: \headheight is too small (12.0pt): 
 Make it at least 14.49998pt.
 We now make it that large for the rest of the document.
 This may cause the page layout to be inconsistent, however.


LaTeX Warning: Reference `LastPage' on page 14 undefined on input line 228.

[14

 <./p231.pdf>]

LaTeX Warning: Reference `fig:simple-network' on page 15 undefined on input lin
e 237.

<simple-network.pdf, id=152, 1022.82124pt x 707.64375pt>
File: simple-network.pdf Graphic file (type pdf)

<use simple-network.pdf>
Package pdftex.def Info: simple-network.pdf used on input line 241.
(pdftex.def)             Requested size: 433.62pt x 299.99417pt.


Package Fancyhdr Warning: \headheight is too small (12.0pt): 
 Make it at least 14.49998pt.
 We now make it that large for the rest of the document.
 This may cause the page layout to be inconsistent, however.


LaTeX Warning: Reference `LastPage' on page 15 undefined on input line 250.

[15 <./simple-network.pdf>]

LaTeX Warning: Reference `fig:P2-39.pdf' on page 16 undefined on input line 251
.

<P2-39.pdf, id=162, 533.995pt x 451.6875pt>
File: P2-39.pdf Graphic file (type pdf)
 <use P2-39.pdf>
Package pdftex.def Info: P2-39.pdf used on input line 258.
(pdftex.def)             Requested size: 289.07999pt x 244.52791pt.


Package Fancyhdr Warning: \headheight is too small (12.0pt): 
 Make it at least 14.49998pt.
 We now make it that large for the rest of the document.
 This may cause the page layout to be inconsistent, however.


LaTeX Warning: Reference `LastPage' on page 16 undefined on input line 267.

[16 <./P2-39.pdf>] <pump-background.pdf, id=172, 966.61125pt x 730.73pt>
File: pump-background.pdf Graphic file (type pdf)

<use pump-background.pdf>
Package pdftex.def Info: pump-background.pdf used on input line 283.
(pdftex.def)             Requested size: 361.34999pt x 273.16452pt.


LaTeX Warning: Reference `fig:pump-background.pdf' on page 17 undefined on inpu
t line 287.


Package Fancyhdr Warning: \headheight is too small (12.0pt): 
 Make it at least 14.49998pt.
 We now make it that large for the rest of the document.
 This may cause the page layout to be inconsistent, however.


LaTeX Warning: Reference `LastPage' on page 17 undefined on input line 288.

[17 <./pump-background.pdf>]

Package Fancyhdr Warning: \headheight is too small (12.0pt): 
 Make it at least 14.49998pt.
 We now make it that large for the rest of the document.
 This may cause the page layout to be inconsistent, however.


LaTeX Warning: Reference `LastPage' on page 18 undefined on input line 288.

[18] <pump-reservoirs.pdf, id=185, 956.57375pt x 683.55376pt>
File: pump-reservoirs.pdf Graphic file (type pdf)

<use pump-reservoirs.pdf>
Package pdftex.def Info: pump-reservoirs.pdf used on input line 292.
(pdftex.def)             Requested size: 361.34999pt x 258.20946pt.


LaTeX Warning: Reference `fig:pump-reservoirs.pdf' on page 19 undefined on inpu
t line 296.


Package Fancyhdr Warning: \headheight is too small (12.0pt): 
 Make it at least 14.49998pt.
 We now make it that large for the rest of the document.
 This may cause the page layout to be inconsistent, however.


LaTeX Warning: Reference `LastPage' on page 19 undefined on input line 297.

[19

 <./pump-reservoirs.pdf>] <pump-pump.pdf, id=197, 965.6075pt x 685.56125pt>
File: pump-pump.pdf Graphic file (type pdf)

<use pump-pump.pdf>
Package pdftex.def Info: pump-pump.pdf used on input line 301.
(pdftex.def)             Requested size: 361.34999pt x 256.55133pt.


LaTeX Warning: Reference `fig:pump-pump.pdf' on page 20 undefined on input line
 305.


Package Fancyhdr Warning: \headheight is too small (12.0pt): 
 Make it at least 14.49998pt.
 We now make it that large for the rest of the document.
 This may cause the page layout to be inconsistent, however.


LaTeX Warning: Reference `LastPage' on page 20 undefined on input line 306.

[20 <./pump-pump.pdf>] <pump-curve.pdf, id=207, 972.63374pt x 735.74875pt>
File: pump-curve.pdf Graphic file (type pdf)

<use pump-curve.pdf>
Package pdftex.def Info: pump-curve.pdf used on input line 310.
(pdftex.def)             Requested size: 361.34999pt x 273.3342pt.


LaTeX Warning: Reference `fig:pump-curve.pdf' on page 21 undefined on input lin
e 314.


Package Fancyhdr Warning: \headheight is too small (12.0pt): 
 Make it at least 14.49998pt.
 We now make it that large for the rest of the document.
 This may cause the page layout to be inconsistent, however.


LaTeX Warning: Reference `LastPage' on page 21 undefined on input line 315.

[21 <./pump-curve.pdf>]

LaTeX Warning: Reference `fig:set-curve' on page 22 undefined on input line 317
.

<set-curve.pdf, id=217, 968.61874pt x 697.60625pt>
File: set-curve.pdf Graphic file (type pdf)
 <use set-curve.pdf>
Package pdftex.def Info: set-curve.pdf used on input line 320.
(pdftex.def)             Requested size: 361.34999pt x 260.24983pt.


Package Fancyhdr Warning: \headheight is too small (12.0pt): 
 Make it at least 14.49998pt.
 We now make it that large for the rest of the document.
 This may cause the page layout to be inconsistent, however.


LaTeX Warning: Reference `LastPage' on page 22 undefined on input line 326.

[22 <./set-curve.pdf>]

Package Fancyhdr Warning: \headheight is too small (12.0pt): 
 Make it at least 14.49998pt.
 We now make it that large for the rest of the document.
 This may cause the page layout to be inconsistent, however.


LaTeX Warning: Reference `LastPage' on page 23 undefined on input line 330.

[23

]

LaTeX Warning: Reference `fig:GitHubRepoPage' on page 24 undefined on input lin
e 342.

<Lesson6/chapter6figures/GitHubRepoPage.jpg, id=230, 1082.0425pt x 863.225pt>
File: Lesson6/chapter6figures/GitHubRepoPage.jpg Graphic file (type jpg)

<use Lesson6/chapter6figures/GitHubRepoPage.jpg>
Package pdftex.def Info: Lesson6/chapter6figures/GitHubRepoPage.jpg used on inp
ut line 346.
(pdftex.def)             Requested size: 325.215pt x 259.44368pt.

Overfull \hbox (2.84076pt too wide) in paragraph at lines 357--358
[]\OT1/cmr/m/n/12 QGIS. I used both the stand-alone \OT1/cmtt/m/n/12 QGIS-OSGeo
4W-2.18.8-1-Setup-x86[]64.exe
 []


Package Fancyhdr Warning: \headheight is too small (12.0pt): 
 Make it at least 14.49998pt.
 We now make it that large for the rest of the document.
 This may cause the page layout to be inconsistent, however.


LaTeX Warning: Reference `LastPage' on page 24 undefined on input line 362.

[24

 <./Lesson6/chapter6figures/GitHubRepoPage.jpg>]

LaTeX Warning: Reference `fig:win10InstallScreen' on page 25 undefined on input
 line 365.


<Lesson6/chapter6figures/win10InstallScreen.jpg, id=234, 1302.8675pt x 775.8987
4pt>
File: Lesson6/chapter6figures/win10InstallScreen.jpg Graphic file (type jpg)
 <use Lesson6/chapter6figures/win10InstallScreen.jpg>
Package pdftex.def Info: Lesson6/chapter6figures/win10InstallScreen.jpg used on
 input line 369.
(pdftex.def)             Requested size: 325.215pt x 193.67822pt.


Package Fancyhdr Warning: \headheight is too small (12.0pt): 
 Make it at least 14.49998pt.
 We now make it that large for the rest of the document.
 This may cause the page layout to be inconsistent, however.


LaTeX Warning: Reference `LastPage' on page 25 undefined on input line 373.

[25 <./Lesson6/chapter6figures/win10InstallScreen.jpg>]

LaTeX Warning: Reference `fig:win10Install2' on page 26 undefined on input line
 375.


<Lesson6/chapter6figures/win10Install2.jpg, id=239, 1299.85625pt x 773.89125pt>
File: Lesson6/chapter6figures/win10Install2.jpg Graphic file (type jpg)
<use Lesson6/chapter6figures/win10Install2.jpg>
Package pdftex.def Info: Lesson6/chapter6figures/win10Install2.jpg used on inpu
t line 379.
(pdftex.def)             Requested size: 325.215pt x 193.61403pt.


LaTeX Warning: Reference `fig:win10Install3' on page 26 undefined on input line
 384.


<Lesson6/chapter6figures/win10Install3.jpg, id=240, 1301.86375pt x 773.89125pt>
File: Lesson6/chapter6figures/win10Install3.jpg Graphic file (type jpg)
<use Lesson6/chapter6figures/win10Install3.jpg>
Package pdftex.def Info: Lesson6/chapter6figures/win10Install3.jpg used on inpu
t line 388.
(pdftex.def)             Requested size: 325.215pt x 193.31882pt.


Package Fancyhdr Warning: \headheight is too small (12.0pt): 
 Make it at least 14.49998pt.
 We now make it that large for the rest of the document.
 This may cause the page layout to be inconsistent, however.


LaTeX Warning: Reference `LastPage' on page 26 undefined on input line 393.

[26

 <./Lesson6/chapter6figures/win10Install2.jpg> <./Lesson6/chapter6figures/win10
Install3.jpg>]
<Lesson6/chapter6figures/win10Install5.jpg, id=244, 1305.87875pt x 770.88pt>
File: Lesson6/chapter6figures/win10Install5.jpg Graphic file (type jpg)

<use Lesson6/chapter6figures/win10Install5.jpg>
Package pdftex.def Info: Lesson6/chapter6figures/win10Install5.jpg used on inpu
t line 403.
(pdftex.def)             Requested size: 361.34999pt x 213.30418pt.


LaTeX Warning: Reference `fig:win10Install5' on page 27 undefined on input line
 408.


<Lesson6/chapter6figures/win10Install6.jpg, id=245, 1305.87875pt x 775.89874pt>
File: Lesson6/chapter6figures/win10Install6.jpg Graphic file (type jpg)
<use Lesson6/chapter6figures/win10Install6.jpg>
Package pdftex.def Info: Lesson6/chapter6figures/win10Install6.jpg used on inpu
t line 412.
(pdftex.def)             Requested size: 361.34999pt x 214.69289pt.


LaTeX Warning: Reference `fig:win10Install6' on page 27 undefined on input line
 416.


Package Fancyhdr Warning: \headheight is too small (12.0pt): 
 Make it at least 14.49998pt.
 We now make it that large for the rest of the document.
 This may cause the page layout to be inconsistent, however.


LaTeX Warning: Reference `LastPage' on page 27 undefined on input line 417.

[27

 <./Lesson6/chapter6figures/win10Install5.jpg> <./Lesson6/chapter6figures/win10
Install6.jpg>]
<Lesson6/chapter6figures/win10Install7.jpg, id=249, 1302.8675pt x 774.895pt>
File: Lesson6/chapter6figures/win10Install7.jpg Graphic file (type jpg)

<use Lesson6/chapter6figures/win10Install7.jpg>
Package pdftex.def Info: Lesson6/chapter6figures/win10Install7.jpg used on inpu
t line 420.
(pdftex.def)             Requested size: 433.62pt x 257.90356pt.


LaTeX Warning: Reference `fig:win10Install7' on page 28 undefined on input line
 425.


LaTeX Warning: Reference `fig:win10Install8' on page 28 undefined on input line
 430.

<Lesson6/chapter6figures/win10Install8.jpg, id=250, 1445.4pt x 903.375pt>
File: Lesson6/chapter6figures/win10Install8.jpg Graphic file (type jpg)

<use Lesson6/chapter6figures/win10Install8.jpg>
Package pdftex.def Info: Lesson6/chapter6figures/win10Install8.jpg used on inpu
t line 441.
(pdftex.def)             Requested size: 361.34999pt x 225.8432pt.


LaTeX Warning: `!h' float specifier changed to `!ht'.


Package Fancyhdr Warning: \headheight is too small (12.0pt): 
 Make it at least 14.49998pt.
 We now make it that large for the rest of the document.
 This may cause the page layout to be inconsistent, however.


LaTeX Warning: Reference `LastPage' on page 28 undefined on input line 446.

[28

 <./Lesson6/chapter6figures/win10Install7.jpg>]

LaTeX Warning: Reference `fig:win10Install9' on page 29 undefined on input line
 446.

<Lesson6/chapter6figures/win10Install9.jpg, id=254, 1445.4pt x 903.375pt>
File: Lesson6/chapter6figures/win10Install9.jpg Graphic file (type jpg)

<use Lesson6/chapter6figures/win10Install9.jpg>
Package pdftex.def Info: Lesson6/chapter6figures/win10Install9.jpg used on inpu
t line 449.
(pdftex.def)             Requested size: 361.34999pt x 225.8432pt.


Package Fancyhdr Warning: \headheight is too small (12.0pt): 
 Make it at least 14.49998pt.
 We now make it that large for the rest of the document.
 This may cause the page layout to be inconsistent, however.


LaTeX Warning: Reference `LastPage' on page 29 undefined on input line 454.

[29 <./Lesson6/chapter6figures/win10Install8.jpg> <./Lesson6/chapter6figures/wi
n10Install9.jpg>]

LaTeX Warning: Reference `fig:win10Install10' on page 30 undefined on input lin
e 463.

<Lesson6/chapter6figures/win10Install10.jpg, id=258, 1445.4pt x 903.375pt>
File: Lesson6/chapter6figures/win10Install10.jpg Graphic file (type jpg)

<use Lesson6/chapter6figures/win10Install10.jpg>
Package pdftex.def Info: Lesson6/chapter6figures/win10Install10.jpg used on inp
ut line 467.
(pdftex.def)             Requested size: 433.62pt x 271.01459pt.


LaTeX Warning: Reference `fig:win10Install11' on page 30 undefined on input lin
e 473.

<Lesson6/chapter6figures/win10Install11.jpg, id=259, 1445.4pt x 903.375pt>
File: Lesson6/chapter6figures/win10Install11.jpg Graphic file (type jpg)

<use Lesson6/chapter6figures/win10Install11.jpg>
Package pdftex.def Info: Lesson6/chapter6figures/win10Install11.jpg used on inp
ut line 478.
(pdftex.def)             Requested size: 289.07999pt x 180.6718pt.


LaTeX Warning: `!h' float specifier changed to `!ht'.

<Lesson6/chapter6figures/win10Install13.jpg, id=260, 1445.4pt x 903.375pt>
File: Lesson6/chapter6figures/win10Install13.jpg Graphic file (type jpg)

<use Lesson6/chapter6figures/win10Install13.jpg>
Package pdftex.def Info: Lesson6/chapter6figures/win10Install13.jpg used on inp
ut line 487.
(pdftex.def)             Requested size: 361.34999pt x 225.8432pt.


LaTeX Warning: `!h' float specifier changed to `!ht'.


Package Fancyhdr Warning: \headheight is too small (12.0pt): 
 Make it at least 14.49998pt.
 We now make it that large for the rest of the document.
 This may cause the page layout to be inconsistent, however.


LaTeX Warning: Reference `LastPage' on page 30 undefined on input line 491.

[30

 <./Lesson6/chapter6figures/win10Install10.jpg>]

Package Fancyhdr Warning: \headheight is too small (12.0pt): 
 Make it at least 14.49998pt.
 We now make it that large for the rest of the document.
 This may cause the page layout to be inconsistent, however.


LaTeX Warning: Reference `LastPage' on page 31 undefined on input line 491.

[31 <./Lesson6/chapter6figures/win10Install11.jpg> <./Lesson6/chapter6figures/w
in10Install13.jpg>]
Overfull \hbox (43.35751pt too wide) in paragraph at lines 494--496
\OT1/cmr/m/n/12 EPANET. They are lo-cated in some vari-ant of \OT1/cmtt/m/n/12 
C:/ProgramFiles/EPANET-UI/Examples\OT1/cmr/m/n/12 . 
 []


LaTeX Warning: Reference `fig:enNewUIOpenFile' on page 32 undefined on input li
ne 497.

<Lesson6/chapter6figures/enNewUIOpenFile.jpg, id=268, 1445.4pt x 903.375pt>
File: Lesson6/chapter6figures/enNewUIOpenFile.jpg Graphic file (type jpg)

<use Lesson6/chapter6figures/enNewUIOpenFile.jpg>
Package pdftex.def Info: Lesson6/chapter6figures/enNewUIOpenFile.jpg used on in
put line 502.
(pdftex.def)             Requested size: 433.62pt x 271.01459pt.


LaTeX Warning: Reference `fig:en2example1' on page 32 undefined on input line 5
07.


LaTeX Warning: Reference `fig:en2example1RunSimulation' on page 32 undefined on
 input line 512.


Package Fancyhdr Warning: \headheight is too small (12.0pt): 
 Make it at least 14.49998pt.
 We now make it that large for the rest of the document.
 This may cause the page layout to be inconsistent, however.


LaTeX Warning: Reference `LastPage' on page 32 undefined on input line 515.

[32

 <./Lesson6/chapter6figures/enNewUIOpenFile.jpg>]
<Lesson6/chapter6figures/en2example1.jpg, id=272, 1445.4pt x 903.375pt>
File: Lesson6/chapter6figures/en2example1.jpg Graphic file (type jpg)

<use Lesson6/chapter6figures/en2example1.jpg>
Package pdftex.def Info: Lesson6/chapter6figures/en2example1.jpg used on input 
line 518.
(pdftex.def)             Requested size: 361.34999pt x 225.8432pt.

<Lesson6/chapter6figures/en2example1RunSimulation.jpg, id=273, 1445.4pt x 903.3
75pt>
File: Lesson6/chapter6figures/en2example1RunSimulation.jpg Graphic file (type j
pg)
 <use Lesson6/chapter6figures/en2example1RunSimulation.jpg>
Package pdftex.def Info: Lesson6/chapter6figures/en2example1RunSimulation.jpg u
sed on input line 526.
(pdftex.def)             Requested size: 361.34999pt x 225.8432pt.


LaTeX Warning: Reference `fig:en2example1Plot' on page 33 undefined on input li
ne 530.

<Lesson6/chapter6figures/en2example1Plot.jpg, id=274, 1445.4pt x 903.375pt>
File: Lesson6/chapter6figures/en2example1Plot.jpg Graphic file (type jpg)

<use Lesson6/chapter6figures/en2example1Plot.jpg>
Package pdftex.def Info: Lesson6/chapter6figures/en2example1Plot.jpg used on in
put line 537.
(pdftex.def)             Requested size: 361.34999pt x 225.8432pt.


LaTeX Warning: `!h' float specifier changed to `!ht'.


Overfull \hbox (37.18022pt too wide) in paragraph at lines 542--544
\OT1/cmtt/m/n/12 http : / / www . rtfmps . com / university-[]courses / ce-[]33
72 / 3-[]Readings / EPANETbyExample/$
 []


Package Fancyhdr Warning: \headheight is too small (12.0pt): 
 Make it at least 14.49998pt.
 We now make it that large for the rest of the document.
 This may cause the page layout to be inconsistent, however.


LaTeX Warning: Reference `LastPage' on page 33 undefined on input line 544.

[33

 <./Lesson6/chapter6figures/en2example1.jpg> <./Lesson6/chapter6figures/en2exam
ple1RunSimulation.jpg>]
Overfull \hbox (35.2892pt too wide) in paragraph at lines 545--547
\OT1/cmr/m/n/12 13 lo-cated at $\OT1/cmtt/m/n/12 http : / / www . rtfmps . com 
/ university-[]courses / ce-[]3372 / 1-[]Lectures/$ 
 []


Package Fancyhdr Warning: \headheight is too small (12.0pt): 
 Make it at least 14.49998pt.
 We now make it that large for the rest of the document.
 This may cause the page layout to be inconsistent, however.


LaTeX Warning: Reference `LastPage' on page 34 undefined on input line 548.

[34 <./Lesson6/chapter6figures/en2example1Plot.jpg>]

LaTeX Warning: Reference `fig:epanet-start' on page 35 undefined on input line 
572.

<Lesson6/chapter6figures/epanet-start.pdf, id=281, 1029.8475pt x 716.6775pt>
File: Lesson6/chapter6figures/epanet-start.pdf Graphic file (type pdf)

<use Lesson6/chapter6figures/epanet-start.pdf>
Package pdftex.def Info: Lesson6/chapter6figures/epanet-start.pdf used on input
 line 575.
(pdftex.def)             Requested size: 289.07999pt x 201.17137pt.


LaTeX Warning: `!h' float specifier changed to `!ht'.


LaTeX Warning: Reference `fig:epanet-start' on page 35 undefined on input line 
580.

<Lesson6/chapter6figures/new-epanet-start.jpg, id=282, 1445.4pt x 903.375pt>
File: Lesson6/chapter6figures/new-epanet-start.jpg Graphic file (type jpg)

<use Lesson6/chapter6figures/new-epanet-start.jpg>
Package pdftex.def Info: Lesson6/chapter6figures/new-epanet-start.jpg used on i
nput line 583.
(pdftex.def)             Requested size: 289.07999pt x 180.6718pt.


Package Fancyhdr Warning: \headheight is too small (12.0pt): 
 Make it at least 14.49998pt.
 We now make it that large for the rest of the document.
 This may cause the page layout to be inconsistent, however.


LaTeX Warning: Reference `LastPage' on page 35 undefined on input line 587.

[35

]

Package Fancyhdr Warning: \headheight is too small (12.0pt): 
 Make it at least 14.49998pt.
 We now make it that large for the rest of the document.
 This may cause the page layout to be inconsistent, however.


LaTeX Warning: Reference `LastPage' on page 36 undefined on input line 587.

[36 <./Lesson6/chapter6figures/epanet-start.pdf> <./Lesson6/chapter6figures/new
-epanet-start.jpg>]

LaTeX Warning: Reference `fig:set-default' on page 37 undefined on input line 5
88.

<Lesson6/chapter6figures/set-default.pdf, id=295, 1033.8625pt x 715.67375pt>
File: Lesson6/chapter6figures/set-default.pdf Graphic file (type pdf)

<use Lesson6/chapter6figures/set-default.pdf>
Package pdftex.def Info: Lesson6/chapter6figures/set-default.pdf used on input 
line 591.
(pdftex.def)             Requested size: 289.07999pt x 200.10335pt.


LaTeX Warning: Reference `fig:new-set-default' on page 37 undefined on input li
ne 595.

<Lesson6/chapter6figures/new-set-default.jpg, id=296, 1445.4pt x 903.375pt>
File: Lesson6/chapter6figures/new-set-default.jpg Graphic file (type jpg)

<use Lesson6/chapter6figures/new-set-default.jpg>
Package pdftex.def Info: Lesson6/chapter6figures/new-set-default.jpg used on in
put line 598.
(pdftex.def)             Requested size: 289.07999pt x 180.6718pt.


Package Fancyhdr Warning: \headheight is too small (12.0pt): 
 Make it at least 14.49998pt.
 We now make it that large for the rest of the document.
 This may cause the page layout to be inconsistent, however.


LaTeX Warning: Reference `LastPage' on page 37 undefined on input line 602.

[37

 <./Lesson6/chapter6figures/set-default.pdf> <./Lesson6/chapter6figures/new-set
-default.jpg>]

LaTeX Warning: Reference `fig:place-nodes' on page 38 undefined on input line 6
05.

<Lesson6/chapter6figures/place-nodes.pdf, id=307, 1033.8625pt x 716.6775pt>
File: Lesson6/chapter6figures/place-nodes.pdf Graphic file (type pdf)

<use Lesson6/chapter6figures/place-nodes.pdf>
Package pdftex.def Info: Lesson6/chapter6figures/place-nodes.pdf used on input 
line 608.
(pdftex.def)             Requested size: 289.07999pt x 200.384pt.


LaTeX Warning: Reference `fig:new-place-nodes' on page 38 undefined on input li
ne 612.

<Lesson6/chapter6figures/new-place-nodes.jpg, id=308, 1445.4pt x 903.375pt>
File: Lesson6/chapter6figures/new-place-nodes.jpg Graphic file (type jpg)

<use Lesson6/chapter6figures/new-place-nodes.jpg>
Package pdftex.def Info: Lesson6/chapter6figures/new-place-nodes.jpg used on in
put line 617.
(pdftex.def)             Requested size: 289.07999pt x 180.6718pt.


LaTeX Warning: Reference `fig:add-link' on page 38 undefined on input line 622.



Package Fancyhdr Warning: \headheight is too small (12.0pt): 
 Make it at least 14.49998pt.
 We now make it that large for the rest of the document.
 This may cause the page layout to be inconsistent, however.


LaTeX Warning: Reference `LastPage' on page 38 undefined on input line 623.

[38

 <./Lesson6/chapter6figures/place-nodes.pdf> <./Lesson6/chapter6figures/new-pla
ce-nodes.jpg>]
<Lesson6/chapter6figures/add-link.pdf, id=318, 953.5625pt x 710.655pt>
File: Lesson6/chapter6figures/add-link.pdf Graphic file (type pdf)

<use Lesson6/chapter6figures/add-link.pdf>
Package pdftex.def Info: Lesson6/chapter6figures/add-link.pdf used on input lin
e 626.
(pdftex.def)             Requested size: 289.07999pt x 215.44278pt.


LaTeX Warning: Reference `fig:new-add-link' on page 39 undefined on input line 
631.

<Lesson6/chapter6figures/new-add-link.jpg, id=319, 1445.4pt x 903.375pt>
File: Lesson6/chapter6figures/new-add-link.jpg Graphic file (type jpg)

<use Lesson6/chapter6figures/new-add-link.jpg>
Package pdftex.def Info: Lesson6/chapter6figures/new-add-link.jpg used on input
 line 637.
(pdftex.def)             Requested size: 289.07999pt x 180.6718pt.


LaTeX Warning: Reference `fig:link-properties' on page 39 undefined on input li
ne 646.


<Lesson6/chapter6figures/link-properties.pdf, id=320, 922.44624pt x 707.64375pt
>
File: Lesson6/chapter6figures/link-properties.pdf Graphic file (type pdf)
 <use Lesson6/chapter6figures/link-properties.pdf>
Package pdftex.def Info: Lesson6/chapter6figures/link-properties.pdf used on in
put line 649.
(pdftex.def)             Requested size: 433.62pt x 332.64659pt.


LaTeX Warning: Reference `fig:new-link-properties' on page 39 undefined on inpu
t line 653.


<Lesson6/chapter6figures/new-link-properties.jpg, id=321, 1445.4pt x 903.375pt>
File: Lesson6/chapter6figures/new-link-properties.jpg Graphic file (type jpg)
<use Lesson6/chapter6figures/new-link-properties.jpg>
Package pdftex.def Info: Lesson6/chapter6figures/new-link-properties.jpg used o
n input line 659.
(pdftex.def)             Requested size: 361.34999pt x 225.8432pt.


Package Fancyhdr Warning: \headheight is too small (12.0pt): 
 Make it at least 14.49998pt.
 We now make it that large for the rest of the document.
 This may cause the page layout to be inconsistent, however.


LaTeX Warning: Reference `LastPage' on page 39 undefined on input line 663.

[39 <./Lesson6/chapter6figures/add-link.pdf> <./Lesson6/chapter6figures/new-add
-link.jpg>]

LaTeX Warning: `!h' float specifier changed to `!ht'.


Package Fancyhdr Warning: \headheight is too small (12.0pt): 
 Make it at least 14.49998pt.
 We now make it that large for the rest of the document.
 This may cause the page layout to be inconsistent, however.


LaTeX Warning: Reference `LastPage' on page 40 undefined on input line 663.

[40 <./Lesson6/chapter6figures/link-properties.pdf>]

LaTeX Warning: Reference `fig:set-head' on page 41 undefined on input line 664.



LaTeX Warning: Reference `fig:new-set-head' on page 41 undefined on input line 
664.

<Lesson6/chapter6figures/set-head.pdf, id=340, 911.405pt x 683.55376pt>
File: Lesson6/chapter6figures/set-head.pdf Graphic file (type pdf)

<use Lesson6/chapter6figures/set-head.pdf>
Package pdftex.def Info: Lesson6/chapter6figures/set-head.pdf used on input lin
e 667.
(pdftex.def)             Requested size: 289.07999pt x 216.81209pt.


Package Fancyhdr Warning: \headheight is too small (12.0pt): 
 Make it at least 14.49998pt.
 We now make it that large for the rest of the document.
 This may cause the page layout to be inconsistent, however.


LaTeX Warning: Reference `LastPage' on page 41 undefined on input line 671.

[41 <./Lesson6/chapter6figures/new-link-properties.jpg> <./Lesson6/chapter6figu
res/set-head.pdf>]
<Lesson6/chapter6figures/new-set-head.jpg, id=350, 1445.4pt x 903.375pt>
File: Lesson6/chapter6figures/new-set-head.jpg Graphic file (type jpg)

<use Lesson6/chapter6figures/new-set-head.jpg>
Package pdftex.def Info: Lesson6/chapter6figures/new-set-head.jpg used on input
 line 674.
(pdftex.def)             Requested size: 289.07999pt x 180.6718pt.


LaTeX Warning: Reference `fig:set-demand' on page 42 undefined on input line 67
8.

<Lesson6/chapter6figures/set-demand.pdf, id=351, 946.53625pt x 710.655pt>
File: Lesson6/chapter6figures/set-demand.pdf Graphic file (type pdf)

<use Lesson6/chapter6figures/set-demand.pdf>
Package pdftex.def Info: Lesson6/chapter6figures/set-demand.pdf used on input l
ine 681.
(pdftex.def)             Requested size: 325.215pt x 244.16777pt.


LaTeX Warning: Reference `fig:new-set-demand' on page 42 undefined on input lin
e 685.

<Lesson6/chapter6figures/new-set-demand.jpg, id=352, 1445.4pt x 903.375pt>
File: Lesson6/chapter6figures/new-set-demand.jpg Graphic file (type jpg)

<use Lesson6/chapter6figures/new-set-demand.jpg>
Package pdftex.def Info: Lesson6/chapter6figures/new-set-demand.jpg used on inp
ut line 689.
(pdftex.def)             Requested size: 325.215pt x 203.2506pt.


LaTeX Warning: `!h' float specifier changed to `!ht'.

<Lesson6/chapter6figures/run-program.pdf, id=353, 962.59625pt x 712.6625pt>
File: Lesson6/chapter6figures/run-program.pdf Graphic file (type pdf)

<use Lesson6/chapter6figures/run-program.pdf>
Package pdftex.def Info: Lesson6/chapter6figures/run-program.pdf used on input 
line 698.
(pdftex.def)             Requested size: 289.07999pt x 214.01788pt.


LaTeX Warning: `!h' float specifier changed to `!ht'.


LaTeX Warning: Reference `fig:run-program' on page 42 undefined on input line 7
02.


Package Fancyhdr Warning: \headheight is too small (12.0pt): 
 Make it at least 14.49998pt.
 We now make it that large for the rest of the document.
 This may cause the page layout to be inconsistent, however.


LaTeX Warning: Reference `LastPage' on page 42 undefined on input line 704.

[42

 <./Lesson6/chapter6figures/new-set-head.jpg> <./Lesson6/chapter6figures/set-de
mand.pdf>]
<Lesson6/chapter6figures/new-run-program-fail.jpg, id=363, 1445.4pt x 903.375pt
>
File: Lesson6/chapter6figures/new-run-program-fail.jpg Graphic file (type jpg)
 <use Lesson6/chapter6figures/new-run-program-fail.jpg>
Package pdftex.def Info: Lesson6/chapter6figures/new-run-program-fail.jpg used 
on input line 707.
(pdftex.def)             Requested size: 433.62pt x 271.01459pt.


LaTeX Warning: `!h' float specifier changed to `!ht'.


LaTeX Warning: Reference `fig:new-run-program-fail' on page 43 undefined on inp
ut line 712.


Package Fancyhdr Warning: \headheight is too small (12.0pt): 
 Make it at least 14.49998pt.
 We now make it that large for the rest of the document.
 This may cause the page layout to be inconsistent, however.


LaTeX Warning: Reference `LastPage' on page 43 undefined on input line 716.

[43 <./Lesson6/chapter6figures/new-set-demand.jpg> <./Lesson6/chapter6figures/r
un-program.pdf>]

LaTeX Warning: Reference `fig:new-run-program-pass' on page 44 undefined on inp
ut line 717.


<Lesson6/chapter6figures/new-run-program-pass.jpg, id=374, 1445.4pt x 903.375pt
>
File: Lesson6/chapter6figures/new-run-program-pass.jpg Graphic file (type jpg)
 <use Lesson6/chapter6figures/new-run-program-pass.jpg>
Package pdftex.def Info: Lesson6/chapter6figures/new-run-program-pass.jpg used 
on input line 726.
(pdftex.def)             Requested size: 433.62pt x 271.01459pt.


LaTeX Warning: `!h' float specifier changed to `!ht'.


Package Fancyhdr Warning: \headheight is too small (12.0pt): 
 Make it at least 14.49998pt.
 We now make it that large for the rest of the document.
 This may cause the page layout to be inconsistent, however.


LaTeX Warning: Reference `LastPage' on page 44 undefined on input line 730.

[44 <./Lesson6/chapter6figures/new-run-program-fail.jpg>]

Package Fancyhdr Warning: \headheight is too small (12.0pt): 
 Make it at least 14.49998pt.
 We now make it that large for the rest of the document.
 This may cause the page layout to be inconsistent, however.


LaTeX Warning: Reference `LastPage' on page 45 undefined on input line 730.

[45 <./Lesson6/chapter6figures/new-run-program-pass.jpg>]

LaTeX Warning: Reference `fig:interpret-solution' on page 46 undefined on input
 line 732.


<Lesson6/chapter6figures/interpret-solution.pdf, id=382, 1030.85126pt x 720.692
5pt>
File: Lesson6/chapter6figures/interpret-solution.pdf Graphic file (type pdf)
 <use Lesson6/chapter6figures/interpret-solution.pdf>
Package pdftex.def Info: Lesson6/chapter6figures/interpret-solution.pdf used on
 input line 737.
(pdftex.def)             Requested size: 433.62pt x 303.15065pt.


LaTeX Warning: Reference `fig:interpret-solution-new' on page 46 undefined on i
nput line 744.


<Lesson6/chapter6figures/interpret-solution-new.jpg, id=383, 1445.4pt x 903.375
pt>
File: Lesson6/chapter6figures/interpret-solution-new.jpg Graphic file (type jpg
)
 <use Lesson6/chapter6figures/interpret-solution-new.jpg>
Package pdftex.def Info: Lesson6/chapter6figures/interpret-solution-new.jpg use
d on input line 750.
(pdftex.def)             Requested size: 433.62pt x 271.01459pt.


LaTeX Warning: `!h' float specifier changed to `!ht'.


Package Fancyhdr Warning: \headheight is too small (12.0pt): 
 Make it at least 14.49998pt.
 We now make it that large for the rest of the document.
 This may cause the page layout to be inconsistent, however.


LaTeX Warning: Reference `LastPage' on page 46 undefined on input line 760.

[46

 <./Lesson6/chapter6figures/interpret-solution.pdf>]

Package Fancyhdr Warning: \headheight is too small (12.0pt): 
 Make it at least 14.49998pt.
 We now make it that large for the rest of the document.
 This may cause the page layout to be inconsistent, however.


LaTeX Warning: Reference `LastPage' on page 47 undefined on input line 768.

[47 <./Lesson6/chapter6figures/interpret-solution-new.jpg>]

LaTeX Warning: Reference `fig:new-solution' on page 48 undefined on input line 
799.


Package Fancyhdr Warning: \headheight is too small (12.0pt): 
 Make it at least 14.49998pt.
 We now make it that large for the rest of the document.
 This may cause the page layout to be inconsistent, however.


LaTeX Warning: Reference `LastPage' on page 48 undefined on input line 800.

[48

]
<Lesson6/chapter6figures/new-solution.pdf, id=399, 1026.83624pt x 710.655pt>
File: Lesson6/chapter6figures/new-solution.pdf Graphic file (type pdf)

<use Lesson6/chapter6figures/new-solution.pdf>
Package pdftex.def Info: Lesson6/chapter6figures/new-solution.pdf used on input
 line 803.
(pdftex.def)             Requested size: 433.62pt x 300.09961pt.


LaTeX Warning: Reference `fig:new-solution2-1' on page 49 undefined on input li
ne 810.


LaTeX Warning: Reference `fig:new-solution' on page 49 undefined on input line 
811.


Package Fancyhdr Warning: \headheight is too small (12.0pt): 
 Make it at least 14.49998pt.
 We now make it that large for the rest of the document.
 This may cause the page layout to be inconsistent, however.


LaTeX Warning: Reference `LastPage' on page 49 undefined on input line 813.

[49 <./Lesson6/chapter6figures/new-solution.pdf>]
<Lesson6/chapter6figures/newUI-solution2-1.jpg, id=410, 1445.4pt x 903.375pt>
File: Lesson6/chapter6figures/newUI-solution2-1.jpg Graphic file (type jpg)

<use Lesson6/chapter6figures/newUI-solution2-1.jpg>
Package pdftex.def Info: Lesson6/chapter6figures/newUI-solution2-1.jpg used on 
input line 819.
(pdftex.def)             Requested size: 433.62pt x 271.01459pt.


Package Fancyhdr Warning: \headheight is too small (12.0pt): 
 Make it at least 14.49998pt.
 We now make it that large for the rest of the document.
 This may cause the page layout to be inconsistent, however.


LaTeX Warning: Reference `LastPage' on page 50 undefined on input line 823.

[50 <./Lesson6/chapter6figures/newUI-solution2-1.jpg>]

LaTeX Warning: Reference `fig:p230' on page 51 undefined on input line 830.

<Lesson6/chapter6figures/p230.pdf, id=414, 615.29875pt x 413.545pt>
File: Lesson6/chapter6figures/p230.pdf Graphic file (type pdf)

<use Lesson6/chapter6figures/p230.pdf>
Package pdftex.def Info: Lesson6/chapter6figures/p230.pdf used on input line 83
5.
(pdftex.def)             Requested size: 361.34999pt x 242.86621pt.


Package Fancyhdr Warning: \headheight is too small (12.0pt): 
 Make it at least 14.49998pt.
 We now make it that large for the rest of the document.
 This may cause the page layout to be inconsistent, however.


LaTeX Warning: Reference `LastPage' on page 51 undefined on input line 850.

[51

 <./Lesson6/chapter6figures/p230.pdf>]

LaTeX Warning: Reference `fig:3reservoir-epanet' on page 52 undefined on input 
line 862.


LaTeX Warning: Reference `fig:p230-newUI' on page 52 undefined on input line 86
4.


Package Fancyhdr Warning: \headheight is too small (12.0pt): 
 Make it at least 14.49998pt.
 We now make it that large for the rest of the document.
 This may cause the page layout to be inconsistent, however.


LaTeX Warning: Reference `LastPage' on page 52 undefined on input line 869.

[52]
<Lesson6/chapter6figures/3reservoir-epanet.pdf, id=427, 1033.8625pt x 718.685pt
>
File: Lesson6/chapter6figures/3reservoir-epanet.pdf Graphic file (type pdf)
 <use Lesson6/chapter6figures/3reservoir-epanet.pdf>
Package pdftex.def Info: Lesson6/chapter6figures/3reservoir-epanet.pdf used on 
input line 872.
(pdftex.def)             Requested size: 325.215pt x 226.06895pt.

<Lesson6/chapter6figures/p230-newUI.jpg, id=428, 1148.29pt x 780.9175pt>
File: Lesson6/chapter6figures/p230-newUI.jpg Graphic file (type jpg)

<use Lesson6/chapter6figures/p230-newUI.jpg>
Package pdftex.def Info: Lesson6/chapter6figures/p230-newUI.jpg used on input l
ine 879.
(pdftex.def)             Requested size: 325.215pt x 221.16965pt.


Package Fancyhdr Warning: \headheight is too small (12.0pt): 
 Make it at least 14.49998pt.
 We now make it that large for the rest of the document.
 This may cause the page layout to be inconsistent, however.


LaTeX Warning: Reference `LastPage' on page 53 undefined on input line 883.

[53 <./Lesson6/chapter6figures/3reservoir-epanet.pdf> <./Lesson6/chapter6figure
s/p230-newUI.jpg>]

LaTeX Warning: Reference `fig:p231' on page 54 undefined on input line 889.

<Lesson6/chapter6figures/p231.pdf, id=438, 540.0175pt x 478.78876pt>
File: Lesson6/chapter6figures/p231.pdf Graphic file (type pdf)

<use Lesson6/chapter6figures/p231.pdf>
Package pdftex.def Info: Lesson6/chapter6figures/p231.pdf used on input line 89
3.
(pdftex.def)             Requested size: 361.34999pt x 320.38498pt.


Package Fancyhdr Warning: \headheight is too small (12.0pt): 
 Make it at least 14.49998pt.
 We now make it that large for the rest of the document.
 This may cause the page layout to be inconsistent, however.


LaTeX Warning: Reference `LastPage' on page 54 undefined on input line 907.

[54

 <./Lesson6/chapter6figures/p231.pdf>]

LaTeX Warning: Reference `fig:simple-network' on page 55 undefined on input lin
e 918.


LaTeX Warning: Reference `fig:new-simple-network' on page 55 undefined on input
 line 923.


<Lesson6/chapter6figures/simple-network.pdf, id=448, 1022.82124pt x 707.64375pt
>
File: Lesson6/chapter6figures/simple-network.pdf Graphic file (type pdf)
 <use Lesson6/chapter6figures/simple-network.pdf>
Package pdftex.def Info: Lesson6/chapter6figures/simple-network.pdf used on inp
ut line 927.
(pdftex.def)             Requested size: 325.215pt x 224.99292pt.


LaTeX Warning: `!h' float specifier changed to `!ht'.


<Lesson6/chapter6figures/new-simple-network.jpg, id=449, 1231.60126pt x 775.898
74pt>
File: Lesson6/chapter6figures/new-simple-network.jpg Graphic file (type jpg)
 <use Lesson6/chapter6figures/new-simple-network.jpg>
Package pdftex.def Info: Lesson6/chapter6figures/new-simple-network.jpg used on
 input line 934.
(pdftex.def)             Requested size: 325.215pt x 204.87814pt.


LaTeX Warning: `!h' float specifier changed to `!ht'.


Package Fancyhdr Warning: \headheight is too small (12.0pt): 
 Make it at least 14.49998pt.
 We now make it that large for the rest of the document.
 This may cause the page layout to be inconsistent, however.


LaTeX Warning: Reference `LastPage' on page 55 undefined on input line 938.

[55]

Package Fancyhdr Warning: \headheight is too small (12.0pt): 
 Make it at least 14.49998pt.
 We now make it that large for the rest of the document.
 This may cause the page layout to be inconsistent, however.


LaTeX Warning: Reference `LastPage' on page 56 undefined on input line 938.

[56 <./Lesson6/chapter6figures/simple-network.pdf> <./Lesson6/chapter6figures/n
ew-simple-network.jpg>]

LaTeX Warning: Reference `fig:P2-39.pdf' on page 57 undefined on input line 943
.

<Lesson6/chapter6figures/P2-39.pdf, id=463, 533.995pt x 451.6875pt>
File: Lesson6/chapter6figures/P2-39.pdf Graphic file (type pdf)

<use Lesson6/chapter6figures/P2-39.pdf>
Package pdftex.def Info: Lesson6/chapter6figures/P2-39.pdf used on input line 9
50.
(pdftex.def)             Requested size: 289.07999pt x 244.52791pt.


Package Fancyhdr Warning: \headheight is too small (12.0pt): 
 Make it at least 14.49998pt.
 We now make it that large for the rest of the document.
 This may cause the page layout to be inconsistent, however.


LaTeX Warning: Reference `LastPage' on page 57 undefined on input line 954.

[57

 <./Lesson6/chapter6figures/P2-39.pdf>]
<Lesson6/chapter6figures/pump-background.pdf, id=473, 966.61125pt x 730.73pt>
File: Lesson6/chapter6figures/pump-background.pdf Graphic file (type pdf)

<use Lesson6/chapter6figures/pump-background.pdf>
Package pdftex.def Info: Lesson6/chapter6figures/pump-background.pdf used on in
put line 978.
(pdftex.def)             Requested size: 289.07999pt x 218.52939pt.


LaTeX Warning: `!h' float specifier changed to `!ht'.


LaTeX Warning: Reference `fig:pump-background.pdf' on page 58 undefined on inpu
t line 982.


<Lesson6/chapter6figures/pump-reservoirs.pdf, id=474, 956.57375pt x 683.55376pt
>
File: Lesson6/chapter6figures/pump-reservoirs.pdf Graphic file (type pdf)
 <use Lesson6/chapter6figures/pump-reservoirs.pdf>
Package pdftex.def Info: Lesson6/chapter6figures/pump-reservoirs.pdf used on in
put line 987.
(pdftex.def)             Requested size: 289.07999pt x 206.56966pt.


LaTeX Warning: `!h' float specifier changed to `!ht'.


LaTeX Warning: Reference `fig:pump-reservoirs.pdf' on page 58 undefined on inpu
t line 991.


Package Fancyhdr Warning: \headheight is too small (12.0pt): 
 Make it at least 14.49998pt.
 We now make it that large for the rest of the document.
 This may cause the page layout to be inconsistent, however.


LaTeX Warning: Reference `LastPage' on page 58 undefined on input line 992.

[58] <Lesson6/chapter6figures/pump-pump.pdf, id=478, 965.6075pt x 685.56125pt>
File: Lesson6/chapter6figures/pump-pump.pdf Graphic file (type pdf)

<use Lesson6/chapter6figures/pump-pump.pdf>
Package pdftex.def Info: Lesson6/chapter6figures/pump-pump.pdf used on input li
ne 996.
(pdftex.def)             Requested size: 289.07999pt x 205.24106pt.


LaTeX Warning: `!h' float specifier changed to `!ht'.


LaTeX Warning: Reference `fig:pump-pump.pdf' on page 59 undefined on input line
 1000.


Package Fancyhdr Warning: \headheight is too small (12.0pt): 
 Make it at least 14.49998pt.
 We now make it that large for the rest of the document.
 This may cause the page layout to be inconsistent, however.


LaTeX Warning: Reference `LastPage' on page 59 undefined on input line 1001.

[59 <./Lesson6/chapter6figures/pump-background.pdf> <./Lesson6/chapter6figures/
pump-reservoirs.pdf>]
<Lesson6/chapter6figures/pump-curve.pdf, id=494, 972.63374pt x 735.74875pt>
File: Lesson6/chapter6figures/pump-curve.pdf Graphic file (type pdf)

<use Lesson6/chapter6figures/pump-curve.pdf>
Package pdftex.def Info: Lesson6/chapter6figures/pump-curve.pdf used on input l
ine 1005.
(pdftex.def)             Requested size: 289.07999pt x 218.67186pt.


LaTeX Warning: Reference `fig:pump-curve.pdf' on page 60 undefined on input lin
e 1009.


Package Fancyhdr Warning: \headheight is too small (12.0pt): 
 Make it at least 14.49998pt.
 We now make it that large for the rest of the document.
 This may cause the page layout to be inconsistent, however.


LaTeX Warning: Reference `LastPage' on page 60 undefined on input line 1010.

[60 <./Lesson6/chapter6figures/pump-pump.pdf> <./Lesson6/chapter6figures/pump-c
urve.pdf>]

LaTeX Warning: Reference `fig:set-curve' on page 61 undefined on input line 101
2.

<Lesson6/chapter6figures/set-curve.pdf, id=510, 968.61874pt x 697.60625pt>
File: Lesson6/chapter6figures/set-curve.pdf Graphic file (type pdf)

<use Lesson6/chapter6figures/set-curve.pdf>
Package pdftex.def Info: Lesson6/chapter6figures/set-curve.pdf used on input li
ne 1015.
(pdftex.def)             Requested size: 289.07999pt x 208.19774pt.

<Lesson6/chapter6figures/new-pump-reservoirs.jpg, id=511, 1317.92375pt x 779.91
376pt>
File: Lesson6/chapter6figures/new-pump-reservoirs.jpg Graphic file (type jpg)
 <use Lesson6/chapter6figures/new-pump-reservoirs.jpg>
Package pdftex.def Info: Lesson6/chapter6figures/new-pump-reservoirs.jpg used o
n input line 1026.
(pdftex.def)             Requested size: 361.34999pt x 213.82837pt.


Package Fancyhdr Warning: \headheight is too small (12.0pt): 
 Make it at least 14.49998pt.
 We now make it that large for the rest of the document.
 This may cause the page layout to be inconsistent, however.


LaTeX Warning: Reference `LastPage' on page 61 undefined on input line 1031.

[61 <./Lesson6/chapter6figures/set-curve.pdf> <./Lesson6/chapter6figures/new-pu
mp-reservoirs.jpg>])

Package Fancyhdr Warning: \headheight is too small (12.0pt): 
 Make it at least 14.49998pt.
 We now make it that large for the rest of the document.
 This may cause the page layout to be inconsistent, however.


LaTeX Warning: Reference `LastPage' on page 62 undefined on input line 104.

[62

]

Package lastpage Warning: Rerun to get the references right on input line 256.


AED: lastpage setting LastPage

Package Fancyhdr Warning: \headheight is too small (12.0pt): 
 Make it at least 14.49998pt.
 We now make it that large for the rest of the document.
 This may cause the page layout to be inconsistent, however.


LaTeX Warning: Reference `LastPage' on page 63 undefined on input line 256.

[63

] (./enbyexample.aux (./EPANETbyExample.aux)

Package natbib Warning: Citation(s) may have changed.
(natbib)                Rerun to get citations correct.

)

LaTeX Warning: There were undefined references.


LaTeX Warning: Label(s) may have changed. Rerun to get cross-references right.

 ) 
Here is how much of TeX's memory you used:
 7938 strings out of 493014
 121753 string characters out of 6133351
 199232 words of memory out of 5000000
 11281 multiletter control sequences out of 15000+600000
 12438 words of font info for 49 fonts, out of 8000000 for 9000
 1142 hyphenation exceptions out of 8191
 42i,11n,43p,668b,353s stack positions out of 5000i,500n,10000p,200000b,80000s
</usr/local/texlive/2016/texmf-dist/fonts/type1/public/amsfonts/cm/cmbx12.pfb
></usr/local/texlive/2016/texmf-dist/fonts/type1/public/amsfonts/cm/cmmi12.pfb>
</usr/local/texlive/2016/texmf-dist/fonts/type1/public/amsfonts/cm/cmmi8.pfb></
usr/local/texlive/2016/texmf-dist/fonts/type1/public/amsfonts/cm/cmr10.pfb></us
r/local/texlive/2016/texmf-dist/fonts/type1/public/amsfonts/cm/cmr12.pfb></usr/
local/texlive/2016/texmf-dist/fonts/type1/public/amsfonts/cm/cmr7.pfb></usr/loc
al/texlive/2016/texmf-dist/fonts/type1/public/amsfonts/cm/cmr8.pfb></usr/local/
texlive/2016/texmf-dist/fonts/type1/public/amsfonts/cm/cmss10.pfb></usr/local/t
exlive/2016/texmf-dist/fonts/type1/public/amsfonts/cm/cmssbx10.pfb></usr/local/
texlive/2016/texmf-dist/fonts/type1/public/amsfonts/cm/cmsy10.pfb></usr/local/t
exlive/2016/texmf-dist/fonts/type1/public/amsfonts/cm/cmsy8.pfb></usr/local/tex
live/2016/texmf-dist/fonts/type1/public/amsfonts/cm/cmtt10.pfb></usr/local/texl
ive/2016/texmf-dist/fonts/type1/public/amsfonts/cm/cmtt12.pfb>
Output written on enbyexample.pdf (63 pages, 55145330 bytes).
PDF statistics:
 573 PDF objects out of 1000 (max. 8388607)
 340 compressed objects within 4 object streams
 0 named destinations out of 1000 (max. 500000)
 356 words of extra memory for PDF output out of 10000 (max. 10000000)

