Traceback (most recent call last):
  File "/opt/jupyterhub/lib/python3.8/site-packages/jupyter_cache/executors/utils.py", line 51, in single_nb_execution
    executenb(
  File "/opt/jupyterhub/lib/python3.8/site-packages/nbclient/client.py", line 1087, in execute
    return NotebookClient(nb=nb, resources=resources, km=km, **kwargs).execute()
  File "/opt/jupyterhub/lib/python3.8/site-packages/nbclient/util.py", line 74, in wrapped
    return just_run(coro(*args, **kwargs))
  File "/opt/jupyterhub/lib/python3.8/site-packages/nbclient/util.py", line 53, in just_run
    return loop.run_until_complete(coro)
  File "/usr/lib/python3.8/asyncio/base_events.py", line 616, in run_until_complete
    return future.result()
  File "/opt/jupyterhub/lib/python3.8/site-packages/nbclient/client.py", line 540, in async_execute
    await self.async_execute_cell(
  File "/opt/jupyterhub/lib/python3.8/site-packages/nbclient/client.py", line 832, in async_execute_cell
    self._check_raise_for_error(cell, exec_reply)
  File "/opt/jupyterhub/lib/python3.8/site-packages/nbclient/client.py", line 740, in _check_raise_for_error
    raise CellExecutionError.from_cell_and_msg(cell, exec_reply['content'])
nbclient.exceptions.CellExecutionError: An error occurred while executing the following cell:
------------------
import epamodule as em  # import the package
#Open the EPANET toolkit & hydraulics solver   
em.ENopen("./ex2-tk/EX2-JB-Copy1.inp", "./ex2-tk/EX2-JB-Copy1.rpt")
# build report command strings Keyword  Action see user manual
#command0 = "Status     Yes"
command1 = "Summary            	Yes"
command2 = "Nodes            	ALL"
command3 = "Links            	ALL"
em.ENsetstatusreport(2) # full status report
em.ENsetreport(command0)
em.ENsetreport(command1)
em.ENsetreport(command2)
em.ENsetreport(command3)
em.ENsaveinpfile("./ex2-tk/EX2-tkmodify.inp") #write to a new file
em.ENclose()
# now run from the new file
em.ENopen("./ex2-tk/EX2-tkmodify.inp", "./ex2-tk/EX2-tkmodify.rpt")
em.ENopenH()
em.ENsolveH()
em.ENsaveH() # need to save to a binary file before write
em.ENcloseH()
em.ENopenQ()
em.ENsolveQ()
em.ENreport() # now write report
# Close hydraulics solver & toolkit */
em.ENclose()
------------------

[0;31m---------------------------------------------------------------------------[0m
[0;31mNameError[0m                                 Traceback (most recent call last)
[0;32m<ipython-input-12-f80df8d411cb>[0m in [0;36m<module>[0;34m[0m
[1;32m      8[0m [0mcommand3[0m [0;34m=[0m [0;34m"Links               ALL"[0m[0;34m[0m[0;34m[0m[0m
[1;32m      9[0m [0mem[0m[0;34m.[0m[0mENsetstatusreport[0m[0;34m([0m[0;36m2[0m[0;34m)[0m [0;31m# full status report[0m[0;34m[0m[0;34m[0m[0m
[0;32m---> 10[0;31m [0mem[0m[0;34m.[0m[0mENsetreport[0m[0;34m([0m[0mcommand0[0m[0;34m)[0m[0;34m[0m[0;34m[0m[0m
[0m[1;32m     11[0m [0mem[0m[0;34m.[0m[0mENsetreport[0m[0;34m([0m[0mcommand1[0m[0;34m)[0m[0;34m[0m[0;34m[0m[0m
[1;32m     12[0m [0mem[0m[0;34m.[0m[0mENsetreport[0m[0;34m([0m[0mcommand2[0m[0;34m)[0m[0;34m[0m[0;34m[0m[0m

[0;31mNameError[0m: name 'command0' is not defined
NameError: name 'command0' is not defined

